<?xml version="1.0" encoding="UTF-8"?>
<testng-results skipped="0" failed="0" total="1" passed="1">
  <reporter-output>
  </reporter-output>
  <suite name="Default suite" duration-ms="12727" started-at="2019-08-05T13:55:35Z" finished-at="2019-08-05T13:55:48Z">
    <groups>
    </groups>
    <test name="Default test" duration-ms="12727" started-at="2019-08-05T13:55:35Z" finished-at="2019-08-05T13:55:48Z">
      <class name="com.OHRM.TestScripts.LogIn_Test">
        <test-method status="PASS" signature="LogIn()[pri:0, instance:com.OHRM.TestScripts.LogIn_Test@4f933fd1]" name="LogIn" duration-ms="12692" started-at="2019-08-05T19:25:35Z" finished-at="2019-08-05T19:25:48Z">
          <reporter-output>
          </reporter-output>
        </test-method> <!-- LogIn -->
      </class> <!-- com.OHRM.TestScripts.LogIn_Test -->
    </test> <!-- Default test -->
  </suite> <!-- Default suite -->
</testng-results>
